Determining if the function pow exists failed with the following output:
Change Dir: /home/caohang/code/melvin/git/Linux/language/script/cmake/source/01_可执行文件/build/CMakeFiles/CMakeTmp

Run Build Command:/usr/bin/make "cmTryCompileExec579723079/fast"
/usr/bin/make -f CMakeFiles/cmTryCompileExec579723079.dir/build.make CMakeFiles/cmTryCompileExec579723079.dir/build
make[1]: Entering directory `/home/caohang/code/melvin/git/Linux/language/script/cmake/source/01_可执行文件/build/CMakeFiles/CMakeTmp'
/usr/bin/cmake -E cmake_progress_report /home/caohang/code/melvin/git/Linux/language/script/cmake/source/01_可执行文件/build/CMakeFiles/CMakeTmp/CMakeFiles 1
Building C object CMakeFiles/cmTryCompileExec579723079.dir/CheckFunctionExists.c.o
/usr/bin/cc   -DCHECK_FUNCTION_EXISTS=pow   -o CMakeFiles/cmTryCompileExec579723079.dir/CheckFunctionExists.c.o   -c /usr/share/cmake-2.8/Modules/CheckFunctionExists.c
<command-line>:0:23: warning: conflicting types for built-in function ‘pow’ [enabled by default]
/usr/share/cmake-2.8/Modules/CheckFunctionExists.c:3:6: note: in expansion of macro ‘CHECK_FUNCTION_EXISTS’
 char CHECK_FUNCTION_EXISTS();
      ^
Linking C executable cmTryCompileExec579723079
/usr/bin/cmake -E cmake_link_script CMakeFiles/cmTryCompileExec579723079.dir/link.txt --verbose=1
/usr/bin/cc   -DCHECK_FUNCTION_EXISTS=pow    CMakeFiles/cmTryCompileExec579723079.dir/CheckFunctionExists.c.o  -o cmTryCompileExec579723079 -rdynamic 
CMakeFiles/cmTryCompileExec579723079.dir/CheckFunctionExists.c.o: In function `main':
CheckFunctionExists.c:(.text+0x15): undefined reference to `pow'
collect2: error: ld returned 1 exit status
make[1]: *** [cmTryCompileExec579723079] Error 1
make[1]: Leaving directory `/home/caohang/code/melvin/git/Linux/language/script/cmake/source/01_可执行文件/build/CMakeFiles/CMakeTmp'
make: *** [cmTryCompileExec579723079/fast] Error 2


